<?xml version="1.0" encoding="UTF-8"?>
<testng-results ignored="0" total="1" passed="1" failed="0" skipped="0">
  <reporter-output>
  </reporter-output>
  <suite started-at="2020-11-20T10:52:44 IST" name="Default suite" finished-at="2020-11-20T10:52:58 IST" duration-ms="13452">
    <groups>
    </groups>
    <test started-at="2020-11-20T10:52:44 IST" name="Default test" finished-at="2020-11-20T10:52:58 IST" duration-ms="13452">
      <class name="report.AjaxControl">
        <test-method is-config="true" signature="beforeClass()[pri:0, instance:report.AjaxControl@4a668b6e]" started-at="2020-11-20T10:52:44 IST" name="beforeClass" finished-at="2020-11-20T10:52:54 IST" duration-ms="9751" status="PASS">
          <reporter-output>
          </reporter-output>
        </test-method> <!-- beforeClass -->
        <test-method signature="f()[pri:0, instance:report.AjaxControl@4a668b6e]" started-at="2020-11-20T10:52:54 IST" name="f" finished-at="2020-11-20T10:52:58 IST" duration-ms="3645" status="PASS">
          <reporter-output>
          </reporter-output>
        </test-method> <!-- f -->
      </class> <!-- report.AjaxControl -->
    </test> <!-- Default test -->
  </suite> <!-- Default suite -->
</testng-results>
